\BOOKMARK [1][-]{section.1}{Education\040and\040Training}{}% 1
\BOOKMARK [1][-]{section.2}{Employment}{}% 2
\BOOKMARK [1][-]{section.3}{Faculty\040Development}{}% 3
\BOOKMARK [1][-]{section.4}{Awards,\040Honours,\040Fellowships}{}% 4
\BOOKMARK [1][-]{section.5}{Expertise\040and\040Research\040Interests}{}% 5
\BOOKMARK [1][-]{section.6}{Scholarly\040and\040Professional\040Activities}{}% 6
\BOOKMARK [2][-]{subsection.6.1}{Scholarly\040Presentations\040and\040Invitations}{section.6}% 7
\BOOKMARK [2][-]{subsection.6.2}{Media\040Interviews\040and\040Public\040Presentations}{section.6}% 8
\BOOKMARK [2][-]{subsection.6.3}{Peer\040Reviewed\040Papers:}{section.6}% 9
\BOOKMARK [2][-]{subsection.6.4}{Non\040Peer\040Reviewed\040Manuscripts}{section.6}% 10
\BOOKMARK [2][-]{subsection.6.5}{Software\040releases}{section.6}% 11
\BOOKMARK [2][-]{subsection.6.6}{Patent\040filings}{section.6}% 12
\BOOKMARK [2][-]{subsection.6.7}{Academic\040trivia}{section.6}% 13
\BOOKMARK [2][-]{subsection.6.8}{Research\040Funding\040History}{section.6}% 14
\BOOKMARK [1][-]{section.7}{Teaching\040and\040Training}{}% 15
\BOOKMARK [2][-]{subsection.7.1}{Course-based\040teaching}{section.7}% 16
\BOOKMARK [2][-]{subsection.7.2}{Summary\040of\040HQP}{section.7}% 17
\BOOKMARK [2][-]{subsection.7.3}{Graduate\040Students\040Supervised}{section.7}% 18
\BOOKMARK [1][-]{section.8}{Service\040to\040the\040University\040and\040Broader\040Community}{}% 19
\BOOKMARK [2][-]{subsection.8.1}{University\040Committees}{section.8}% 20
\BOOKMARK [2][-]{subsection.8.2}{Faculty\040Committees}{section.8}% 21
\BOOKMARK [2][-]{subsection.8.3}{Department\040Committees}{section.8}% 22
\BOOKMARK [2][-]{subsection.8.4}{Board\040memberships}{section.8}% 23
\BOOKMARK [2][-]{subsection.8.5}{Grants\040and\040Awards\040Panels,\040Editorial\040membership,\040External\040Committees}{section.8}% 24
